0 info it worked if it ends with ok
1 verbose cli [ 'C:\\Program Files\\nodejs\\node.exe',
1 verbose cli   'C:\\Program Files\\nodejs\\node_modules\\npm\\bin\\npm-cli.js',
1 verbose cli   'run',
1 verbose cli   'babel' ]
2 info using npm@3.9.5
3 info using node@v6.2.2
4 verbose run-script [ 'prebabel', 'babel', 'postbabel' ]
5 info lifecycle omgcolors@1.0.0~prebabel: omgcolors@1.0.0
6 silly lifecycle omgcolors@1.0.0~prebabel: no script for prebabel, continuing
7 info lifecycle omgcolors@1.0.0~babel: omgcolors@1.0.0
8 verbose lifecycle omgcolors@1.0.0~babel: unsafe-perm in lifecycle true
9 verbose lifecycle omgcolors@1.0.0~babel: PATH: C:\Program Files\nodejs\node_modules\npm\bin\node-gyp-bin;C:\Users\dub\Desktop\omgColors\node_modules\.bin;C:\Program Files\nodejs;C:\Program Files\MongoDB\Server\3.2\bin;C:\Users\dub\bin;C:\Program Files\Git\mingw64\bin;C:\Program Files\Git\usr\local\bin;C:\Program Files\Git\usr\bin;C:\Program Files\Git\usr\bin;C:\Program Files\Git\mingw64\bin;C:\Program Files\Git\usr\bin;C:\Users\dub\bin;C:\Program Files (x86)\Razer Chroma SDK\bin;C:\Program Files\Razer Chroma SDK\bin;C:\Program Files (x86)\Intel\iCLS Client;C:\Program Files\Intel\iCLS Client;C:\Windows\system32;C:\Windows;C:\Windows\System32\Wbem;C:\Windows\System32\WindowsPowerShell\v1.0;C:\Program Files (x86)\Intel\Intel(R) Management Engine Components\DAL;C:\Program Files\Intel\Intel(R) Management Engine Components\DAL;C:\Program Files (x86)\Intel\Intel(R) Management Engine Components\IPT;C:\Program Files\Intel\Intel(R) Management Engine Components\IPT;C:\Program Files (x86)\NVIDIA Corporation\PhysX\Common;C:\WINDOWS\system32;C:\WINDOWS;C:\WINDOWS\System32\Wbem;C:\WINDOWS\System32\WindowsPowerShell\v1.0;C:\ProgramData\chocolatey\bin;C:\Program Files\nodejs;C:\Windows\curl-7.46.0-win64\bin;C:\Program Files (x86)\Heroku\bin;C:\Program Files (x86)\git\cmd;C:\WINDOWS\system32\config\systemprofile\AppData\Local\Microsoft\WindowsApps;C:\Program Files (x86)\Skype\Phone;C:\WINDOWS\system32;C:\WINDOWS;C:\WINDOWS\System32\Wbem;C:\WINDOWS\System32\WindowsPowerShell\v1.0;C:\WINDOWS\System32\OpenSSH;C:\Program Files\Intel\WiFi\bin;C:\Program Files\Common Files\Intel\WirelessCommon;C:\Ruby23\bin;C:\Users\dub\AppData\Roaming\npm;C:\Users\dub\AppData\Local\Microsoft\WindowsApps;C:\Program Files\Sublime Text 3;C:\Users\dub\.lein\bin;C:\Program Files\Java\jdk1.7.0_80\bin;C:\Users\dub\AppData\Local\Android\sdk\platform-tools;C:\Users\dub\AppData\Local\atom\bin;%USERPROFILE%\AppData\Local\Microsoft\WindowsApps;C:\Program Files\Git\usr\bin\vendor_perl;C:\Program Files\Git\usr\bin\core_perl
10 verbose lifecycle omgcolors@1.0.0~babel: CWD: C:\Users\dub\Desktop\omgColors
11 silly lifecycle omgcolors@1.0.0~babel: Args: [ '/d /s /c',
11 silly lifecycle   'babel --presets es2015 js/main.js -o build/main.bundle.js' ]
12 silly lifecycle omgcolors@1.0.0~babel: Returned: code: 1  signal: null
13 info lifecycle omgcolors@1.0.0~babel: Failed to exec babel script
14 verbose stack Error: omgcolors@1.0.0 babel: `babel --presets es2015 js/main.js -o build/main.bundle.js`
14 verbose stack Exit status 1
14 verbose stack     at EventEmitter.<anonymous> (C:\Program Files\nodejs\node_modules\npm\lib\utils\lifecycle.js:245:16)
14 verbose stack     at emitTwo (events.js:106:13)
14 verbose stack     at EventEmitter.emit (events.js:191:7)
14 verbose stack     at ChildProcess.<anonymous> (C:\Program Files\nodejs\node_modules\npm\lib\utils\spawn.js:24:14)
14 verbose stack     at emitTwo (events.js:106:13)
14 verbose stack     at ChildProcess.emit (events.js:191:7)
14 verbose stack     at maybeClose (internal/child_process.js:852:16)
14 verbose stack     at Process.ChildProcess._handle.onexit (internal/child_process.js:215:5)
15 verbose pkgid omgcolors@1.0.0
16 verbose cwd C:\Users\dub\Desktop\omgColors\js
17 error Windows_NT 10.0.17134
18 error argv "C:\\Program Files\\nodejs\\node.exe" "C:\\Program Files\\nodejs\\node_modules\\npm\\bin\\npm-cli.js" "run" "babel"
19 error node v6.2.2
20 error npm  v3.9.5
21 error code ELIFECYCLE
22 error omgcolors@1.0.0 babel: `babel --presets es2015 js/main.js -o build/main.bundle.js`
22 error Exit status 1
23 error Failed at the omgcolors@1.0.0 babel script 'babel --presets es2015 js/main.js -o build/main.bundle.js'.
23 error Make sure you have the latest version of node.js and npm installed.
23 error If you do, this is most likely a problem with the omgcolors package,
23 error not with npm itself.
23 error Tell the author that this fails on your system:
23 error     babel --presets es2015 js/main.js -o build/main.bundle.js
23 error You can get information on how to open an issue for this project with:
23 error     npm bugs omgcolors
23 error Or if that isn't available, you can get their info via:
23 error     npm owner ls omgcolors
23 error There is likely additional logging output above.
24 verbose exit [ 1, true ]
